[2025-07-13 12:31:41] IP: ::1 | Session: Guest | Page: / | Referrer: Direct or Unknown | Agent: Mozilla/5.0 (Macintosh; Intel Mac OS X 10_15_7) AppleWebKit/605.1.15 (KHTML, like Gecko) Version/18.3 Safari/605.1.15
[2025-07-13 12:32:19] IP: ::1 | Session: Guest | Page: /index.php?pg=warrant.php&option=view | Referrer: http://localhost/ | Agent: Mozilla/5.0 (Macintosh; Intel Mac OS X 10_15_7) AppleWebKit/605.1.15 (KHTML, like Gecko) Version/18.3 Safari/605.1.15
[2025-07-13 12:32:20] IP: ::1 | Session: Guest | Page: /index.php?pg=404.php | Referrer: http://localhost/index.php?pg=warrant.php&option=view | Agent: Mozilla/5.0 (Macintosh; Intel Mac OS X 10_15_7) AppleWebKit/605.1.15 (KHTML, like Gecko) Version/18.3 Safari/605.1.15
[2025-07-13 12:32:23] IP: ::1 | Session: Guest | Page: /index.php | Referrer: http://localhost/index.php?pg=404.php | Agent: Mozilla/5.0 (Macintosh; Intel Mac OS X 10_15_7) AppleWebKit/605.1.15 (KHTML, like Gecko) Version/18.3 Safari/605.1.15
[2025-07-13 12:32:57] IP: ::1 | Session: Guest | Page: /index.php | Referrer: http://localhost/login.php | Agent: Mozilla/5.0 (Macintosh; Intel Mac OS X 10_15_7) AppleWebKit/605.1.15 (KHTML, like Gecko) Version/18.3 Safari/605.1.15
[2025-07-13 12:33:02] IP: ::1 | Session: Guest | Page: /index.php?pg=warrant.php&option=view | Referrer: http://localhost/index.php | Agent: Mozilla/5.0 (Macintosh; Intel Mac OS X 10_15_7) AppleWebKit/605.1.15 (KHTML, like Gecko) Version/18.3 Safari/605.1.15
[2025-07-13 12:34:10] IP: ::1 | Session: Guest | Page: /index.php?pg=warrant.php&option=view | Referrer: http://localhost/index.php | Agent: Mozilla/5.0 (Macintosh; Intel Mac OS X 10_15_7) AppleWebKit/605.1.15 (KHTML, like Gecko) Version/18.3 Safari/605.1.15
[2025-07-13 12:35:07] IP: ::1 | Session: Guest | Page: /index.php?pg=warrant.php&option=view | Referrer: http://localhost/index.php | Agent: Mozilla/5.0 (Macintosh; Intel Mac OS X 10_15_7) AppleWebKit/605.1.15 (KHTML, like Gecko) Version/18.3 Safari/605.1.15
[2025-07-13 12:35:24] IP: ::1 | Session: Guest | Page: /index.php?pg=warrant.php&option=view | Referrer: http://localhost/index.php | Agent: Mozilla/5.0 (Macintosh; Intel Mac OS X 10_15_7) AppleWebKit/605.1.15 (KHTML, like Gecko) Version/18.3 Safari/605.1.15
[2025-07-13 13:05:15] IP: ::1 | Session: Guest | Page: / | Referrer: Direct or Unknown | Agent: Mozilla/5.0 (Macintosh; Intel Mac OS X 10_15_7) AppleWebKit/605.1.15 (KHTML, like Gecko) Version/18.3 Safari/605.1.15
[2025-07-13 13:05:22] IP: ::1 | Session: Guest | Page: /index.php?pg=warrant.php&option=view | Referrer: http://localhost/ | Agent: Mozilla/5.0 (Macintosh; Intel Mac OS X 10_15_7) AppleWebKit/605.1.15 (KHTML, like Gecko) Version/18.3 Safari/605.1.15
[2025-07-13 15:08:49] IP: ::1 | Session: Guest | Page: /index.php?pg=dailycaseactivities.php | Referrer: http://localhost/index.php?pg=warrant.php&option=view | Agent: Mozilla/5.0 (Macintosh; Intel Mac OS X 10_15_7) AppleWebKit/605.1.15 (KHTML, like Gecko) Version/18.3 Safari/605.1.15
[2025-07-13 15:08:51] IP: ::1 | Session: Guest | Page: /index.php?pg=dailycaseactivities.php | Referrer: http://localhost/index.php?pg=dailycaseactivities.php | Agent: Mozilla/5.0 (Macintosh; Intel Mac OS X 10_15_7) AppleWebKit/605.1.15 (KHTML, like Gecko) Version/18.3 Safari/605.1.15
[2025-07-13 15:08:55] IP: ::1 | Session: Guest | Page: /index.php?pg=dailycaseactivities.php&view=e-daybook | Referrer: http://localhost/index.php?pg=dailycaseactivities.php | Agent: Mozilla/5.0 (Macintosh; Intel Mac OS X 10_15_7) AppleWebKit/605.1.15 (KHTML, like Gecko) Version/18.3 Safari/605.1.15
[2025-07-13 15:08:58] IP: ::1 | Session: Guest | Page: /index.php?pg=dailycaseactivities.php&option=edit | Referrer: http://localhost/index.php?pg=dailycaseactivities.php&view=e-daybook | Agent: Mozilla/5.0 (Macintosh; Intel Mac OS X 10_15_7) AppleWebKit/605.1.15 (KHTML, like Gecko) Version/18.3 Safari/605.1.15
[2025-07-13 15:11:32] IP: ::1 | Session: Guest | Page: /index.php?pg=dailycaseactivities.php&view=e-daybook | Referrer: http://localhost/index.php?pg=dailycaseactivities.php&option=edit | Agent: Mozilla/5.0 (Macintosh; Intel Mac OS X 10_15_7) AppleWebKit/605.1.15 (KHTML, like Gecko) Version/18.3 Safari/605.1.15
[2025-07-13 15:11:35] IP: ::1 | Session: Guest | Page: /index.php?pg=dailycaseactivities.php&option=edit | Referrer: http://localhost/index.php?pg=dailycaseactivities.php&view=e-daybook | Agent: Mozilla/5.0 (Macintosh; Intel Mac OS X 10_15_7) AppleWebKit/605.1.15 (KHTML, like Gecko) Version/18.3 Safari/605.1.15
[2025-07-13 15:21:04] IP: ::1 | Session: Guest | Page: /index.php?pg=dailycaseactivities.php | Referrer: http://localhost/index.php?pg=dailycaseactivities.php&option=edit | Agent: Mozilla/5.0 (Macintosh; Intel Mac OS X 10_15_7) AppleWebKit/605.1.15 (KHTML, like Gecko) Version/18.3 Safari/605.1.15
[2025-07-13 15:21:05] IP: ::1 | Session: Guest | Page: /index.php?pg=dailycaseactivities.php | Referrer: http://localhost/index.php?pg=dailycaseactivities.php | Agent: Mozilla/5.0 (Macintosh; Intel Mac OS X 10_15_7) AppleWebKit/605.1.15 (KHTML, like Gecko) Version/18.3 Safari/605.1.15
[2025-07-13 15:21:16] IP: ::1 | Session: Guest | Page: /index.php?pg=dailycaseactivities.php&view=e-daybook | Referrer: http://localhost/index.php?pg=dailycaseactivities.php | Agent: Mozilla/5.0 (Macintosh; Intel Mac OS X 10_15_7) AppleWebKit/605.1.15 (KHTML, like Gecko) Version/18.3 Safari/605.1.15
[2025-07-13 15:21:28] IP: ::1 | Session: Guest | Page: /index.php?pg=dailycaseactivities.php&view=e-daybook | Referrer: http://localhost/index.php?pg=dailycaseactivities.php | Agent: Mozilla/5.0 (Macintosh; Intel Mac OS X 10_15_7) AppleWebKit/605.1.15 (KHTML, like Gecko) Version/18.3 Safari/605.1.15
[2025-07-13 15:21:34] IP: ::1 | Session: Guest | Page: /index.php?pg=dailycaseactivities.php&option=edit | Referrer: http://localhost/index.php?pg=dailycaseactivities.php&view=e-daybook | Agent: Mozilla/5.0 (Macintosh; Intel Mac OS X 10_15_7) AppleWebKit/605.1.15 (KHTML, like Gecko) Version/18.3 Safari/605.1.15
[2025-07-13 15:21:36] IP: ::1 | Session: Guest | Page: /index.php?pg=dailycaseactivities.php | Referrer: http://localhost/index.php?pg=dailycaseactivities.php&option=edit | Agent: Mozilla/5.0 (Macintosh; Intel Mac OS X 10_15_7) AppleWebKit/605.1.15 (KHTML, like Gecko) Version/18.3 Safari/605.1.15
[2025-07-13 15:21:36] IP: ::1 | Session: Guest | Page: /index.php?pg=dailycaseactivities.php | Referrer: http://localhost/index.php?pg=dailycaseactivities.php | Agent: Mozilla/5.0 (Macintosh; Intel Mac OS X 10_15_7) AppleWebKit/605.1.15 (KHTML, like Gecko) Version/18.3 Safari/605.1.15
[2025-07-13 15:21:44] IP: ::1 | Session: Guest | Page: /index.php?pg=dailycaseactivities.php | Referrer: http://localhost/index.php?pg=dailycaseactivities.php | Agent: Mozilla/5.0 (Macintosh; Intel Mac OS X 10_15_7) AppleWebKit/605.1.15 (KHTML, like Gecko) Version/18.3 Safari/605.1.15
[2025-07-13 15:22:07] IP: ::1 | Session: Guest | Page: /index.php?pg=dailycaseactivities.php | Referrer: http://localhost/index.php?pg=dailycaseactivities.php | Agent: Mozilla/5.0 (Macintosh; Intel Mac OS X 10_15_7) AppleWebKit/605.1.15 (KHTML, like Gecko) Version/18.3 Safari/605.1.15
[2025-07-13 15:22:07] IP: ::1 | Session: Guest | Page: /index.php?pg=dailycaseactivities.php | Referrer: http://localhost/index.php?pg=dailycaseactivities.php | Agent: Mozilla/5.0 (Macintosh; Intel Mac OS X 10_15_7) AppleWebKit/605.1.15 (KHTML, like Gecko) Version/18.3 Safari/605.1.15
[2025-07-13 15:24:57] IP: ::1 | Session: Guest | Page: /index.php?pg=dailycaseactivities.php | Referrer: http://localhost/index.php?pg=dailycaseactivities.php | Agent: Mozilla/5.0 (Macintosh; Intel Mac OS X 10_15_7) AppleWebKit/605.1.15 (KHTML, like Gecko) Version/18.3 Safari/605.1.15
[2025-07-13 15:25:00] IP: ::1 | Session: Guest | Page: /index.php?pg=dailycaseactivities.php | Referrer: http://localhost/index.php?pg=dailycaseactivities.php | Agent: Mozilla/5.0 (Macintosh; Intel Mac OS X 10_15_7) AppleWebKit/605.1.15 (KHTML, like Gecko) Version/18.3 Safari/605.1.15
[2025-07-13 15:25:28] IP: ::1 | Session: Guest | Page: /index.php?pg=dailycaseactivities.php | Referrer: http://localhost/index.php?pg=dailycaseactivities.php | Agent: Mozilla/5.0 (Macintosh; Intel Mac OS X 10_15_7) AppleWebKit/605.1.15 (KHTML, like Gecko) Version/18.3 Safari/605.1.15
[2025-07-13 15:25:29] IP: ::1 | Session: Guest | Page: /index.php?pg=dailycaseactivities.php | Referrer: http://localhost/index.php?pg=dailycaseactivities.php | Agent: Mozilla/5.0 (Macintosh; Intel Mac OS X 10_15_7) AppleWebKit/605.1.15 (KHTML, like Gecko) Version/18.3 Safari/605.1.15
[2025-07-13 15:40:49] IP: ::1 | Session: Guest | Page: /index.php?pg=dailycaseactivities.php&view=e-daybook | Referrer: http://localhost/index.php?pg=dailycaseactivities.php | Agent: Mozilla/5.0 (Macintosh; Intel Mac OS X 10_15_7) AppleWebKit/605.1.15 (KHTML, like Gecko) Version/18.3 Safari/605.1.15
[2025-07-13 15:40:51] IP: ::1 | Session: Guest | Page: /index.php?pg=dailycaseactivities.php&option=edit | Referrer: http://localhost/index.php?pg=dailycaseactivities.php&view=e-daybook | Agent: Mozilla/5.0 (Macintosh; Intel Mac OS X 10_15_7) AppleWebKit/605.1.15 (KHTML, like Gecko) Version/18.3 Safari/605.1.15
[2025-07-13 15:41:02] IP: ::1 | Session: Guest | Page: /index.php?pg=dailycaseactivities.php | Referrer: http://localhost/index.php?pg=dailycaseactivities.php&option=edit | Agent: Mozilla/5.0 (Macintosh; Intel Mac OS X 10_15_7) AppleWebKit/605.1.15 (KHTML, like Gecko) Version/18.3 Safari/605.1.15
[2025-07-13 15:41:02] IP: ::1 | Session: Guest | Page: /index.php?pg=dailycaseactivities.php | Referrer: http://localhost/index.php?pg=dailycaseactivities.php | Agent: Mozilla/5.0 (Macintosh; Intel Mac OS X 10_15_7) AppleWebKit/605.1.15 (KHTML, like Gecko) Version/18.3 Safari/605.1.15
[2025-07-13 15:41:44] IP: ::1 | Session: Guest | Page: /index.php?pg=warrant.php&option=view | Referrer: http://localhost/index.php?pg=dailycaseactivities.php | Agent: Mozilla/5.0 (Macintosh; Intel Mac OS X 10_15_7) AppleWebKit/605.1.15 (KHTML, like Gecko) Version/18.3 Safari/605.1.15
[2025-07-13 15:44:16] IP: ::1 | Session: Guest | Page: / | Referrer: Direct or Unknown | Agent: Mozilla/5.0 (Macintosh; Intel Mac OS X 10_15_7) AppleWebKit/605.1.15 (KHTML, like Gecko) Version/18.3 Safari/605.1.15
[2025-07-13 15:45:46] IP: ::1 | Session: Guest | Page: /index.php?pg=warrant.php&option=view | Referrer: http://localhost/ | Agent: Mozilla/5.0 (Macintosh; Intel Mac OS X 10_15_7) AppleWebKit/605.1.15 (KHTML, like Gecko) Version/18.3 Safari/605.1.15
[2025-07-13 15:45:46] IP: ::1 | Session: Guest | Page: /index.php?pg=404.php | Referrer: http://localhost/index.php?pg=warrant.php&option=view | Agent: Mozilla/5.0 (Macintosh; Intel Mac OS X 10_15_7) AppleWebKit/605.1.15 (KHTML, like Gecko) Version/18.3 Safari/605.1.15
[2025-07-13 15:53:48] IP: ::1 | Session: Guest | Page: / | Referrer: Direct or Unknown | Agent: Mozilla/5.0 (Macintosh; Intel Mac OS X 10_15_7) AppleWebKit/605.1.15 (KHTML, like Gecko) Version/18.3 Safari/605.1.15
[2025-07-13 15:53:59] IP: ::1 | Session: Guest | Page: / | Referrer: Direct or Unknown | Agent: Mozilla/5.0 (Macintosh; Intel Mac OS X 10_15_7) AppleWebKit/605.1.15 (KHTML, like Gecko) Version/18.3 Safari/605.1.15
[2025-07-13 15:58:53] IP: ::1 | Session: Guest | Page: / | Referrer: Direct or Unknown | Agent: Mozilla/5.0 (Macintosh; Intel Mac OS X 10_15_7) AppleWebKit/605.1.15 (KHTML, like Gecko) Version/18.3 Safari/605.1.15
[2025-07-13 15:59:00] IP: ::1 | Session: Guest | Page: /index.php?pg=dailycaseactivities.php | Referrer: http://localhost/ | Agent: Mozilla/5.0 (Macintosh; Intel Mac OS X 10_15_7) AppleWebKit/605.1.15 (KHTML, like Gecko) Version/18.3 Safari/605.1.15
[2025-07-13 15:59:02] IP: ::1 | Session: Guest | Page: /index.php?pg=dailycaseactivities.php&view=e-daybook | Referrer: http://localhost/index.php?pg=dailycaseactivities.php | Agent: Mozilla/5.0 (Macintosh; Intel Mac OS X 10_15_7) AppleWebKit/605.1.15 (KHTML, like Gecko) Version/18.3 Safari/605.1.15
[2025-07-13 15:59:04] IP: ::1 | Session: Guest | Page: /index.php?pg=dailycaseactivities.php&option=edit | Referrer: http://localhost/index.php?pg=dailycaseactivities.php&view=e-daybook | Agent: Mozilla/5.0 (Macintosh; Intel Mac OS X 10_15_7) AppleWebKit/605.1.15 (KHTML, like Gecko) Version/18.3 Safari/605.1.15
[2025-07-13 15:59:22] IP: ::1 | Session: Guest | Page: /index.php?pg=dailycaseactivities.php | Referrer: http://localhost/index.php?pg=dailycaseactivities.php&option=edit | Agent: Mozilla/5.0 (Macintosh; Intel Mac OS X 10_15_7) AppleWebKit/605.1.15 (KHTML, like Gecko) Version/18.3 Safari/605.1.15
[2025-07-13 16:03:20] IP: ::1 | Session: Guest | Page: /index.php?pg=dailycaseactivities.php | Referrer: http://localhost/index.php?pg=dailycaseactivities.php&option=edit | Agent: Mozilla/5.0 (Macintosh; Intel Mac OS X 10_15_7) AppleWebKit/605.1.15 (KHTML, like Gecko) Version/18.3 Safari/605.1.15
[2025-07-13 16:05:10] IP: ::1 | Session: Guest | Page: /index.php?pg=dailycaseactivities.php | Referrer: http://localhost/index.php?pg=dailycaseactivities.php&option=edit | Agent: Mozilla/5.0 (Macintosh; Intel Mac OS X 10_15_7) AppleWebKit/605.1.15 (KHTML, like Gecko) Version/18.3 Safari/605.1.15
[2025-07-13 16:07:20] IP: ::1 | Session: Guest | Page: /index.php?pg=dailycaseactivities.php | Referrer: http://localhost/index.php?pg=dailycaseactivities.php&option=edit | Agent: Mozilla/5.0 (Macintosh; Intel Mac OS X 10_15_7) AppleWebKit/605.1.15 (KHTML, like Gecko) Version/18.3 Safari/605.1.15
[2025-07-13 16:07:26] IP: ::1 | Session: Guest | Page: /index.php?pg=dailycaseactivities.php | Referrer: http://localhost/index.php?pg=dailycaseactivities.php | Agent: Mozilla/5.0 (Macintosh; Intel Mac OS X 10_15_7) AppleWebKit/605.1.15 (KHTML, like Gecko) Version/18.3 Safari/605.1.15
[2025-07-13 16:07:28] IP: ::1 | Session: Guest | Page: /index.php?pg=dailycaseactivities.php&view=e-daybook | Referrer: http://localhost/index.php?pg=dailycaseactivities.php | Agent: Mozilla/5.0 (Macintosh; Intel Mac OS X 10_15_7) AppleWebKit/605.1.15 (KHTML, like Gecko) Version/18.3 Safari/605.1.15
[2025-07-13 16:07:30] IP: ::1 | Session: Guest | Page: /index.php?pg=dailycaseactivities.php&option=edit | Referrer: http://localhost/index.php?pg=dailycaseactivities.php&view=e-daybook | Agent: Mozilla/5.0 (Macintosh; Intel Mac OS X 10_15_7) AppleWebKit/605.1.15 (KHTML, like Gecko) Version/18.3 Safari/605.1.15
[2025-07-13 16:07:36] IP: ::1 | Session: Guest | Page: /index.php?pg=dailycaseactivities.php | Referrer: http://localhost/index.php?pg=dailycaseactivities.php&option=edit | Agent: Mozilla/5.0 (Macintosh; Intel Mac OS X 10_15_7) AppleWebKit/605.1.15 (KHTML, like Gecko) Version/18.3 Safari/605.1.15
[2025-07-13 16:11:07] IP: ::1 | Session: Guest | Page: /index.php?pg=dailycaseactivities.php&option=edit | Referrer: http://localhost/index.php?pg=dailycaseactivities.php&view=e-daybook | Agent: Mozilla/5.0 (Macintosh; Intel Mac OS X 10_15_7) AppleWebKit/605.1.15 (KHTML, like Gecko) Version/18.3 Safari/605.1.15
[2025-07-13 16:11:34] IP: ::1 | Session: Guest | Page: /index.php?pg=dailycaseactivities.php | Referrer: http://localhost/index.php?pg=dailycaseactivities.php&option=edit | Agent: Mozilla/5.0 (Macintosh; Intel Mac OS X 10_15_7) AppleWebKit/605.1.15 (KHTML, like Gecko) Version/18.3 Safari/605.1.15
[2025-07-13 16:11:35] IP: ::1 | Session: Guest | Page: /index.php?pg=dailycaseactivities.php | Referrer: http://localhost/index.php?pg=dailycaseactivities.php | Agent: Mozilla/5.0 (Macintosh; Intel Mac OS X 10_15_7) AppleWebKit/605.1.15 (KHTML, like Gecko) Version/18.3 Safari/605.1.15
[2025-07-13 16:20:51] IP: ::1 | Session: Guest | Page: /index.php?pg=dailycaseactivities.php | Referrer: http://localhost/index.php?pg=dailycaseactivities.php | Agent: Mozilla/5.0 (Macintosh; Intel Mac OS X 10_15_7) AppleWebKit/605.1.15 (KHTML, like Gecko) Version/18.3 Safari/605.1.15
[2025-07-13 16:20:52] IP: ::1 | Session: Guest | Page: /index.php?pg=dailycaseactivities.php&view=e-daybook | Referrer: http://localhost/index.php?pg=dailycaseactivities.php | Agent: Mozilla/5.0 (Macintosh; Intel Mac OS X 10_15_7) AppleWebKit/605.1.15 (KHTML, like Gecko) Version/18.3 Safari/605.1.15
[2025-07-13 16:20:55] IP: ::1 | Session: Guest | Page: /index.php?pg=dailycaseactivities.php&option=edit | Referrer: http://localhost/index.php?pg=dailycaseactivities.php&view=e-daybook | Agent: Mozilla/5.0 (Macintosh; Intel Mac OS X 10_15_7) AppleWebKit/605.1.15 (KHTML, like Gecko) Version/18.3 Safari/605.1.15
[2025-07-13 16:21:00] IP: ::1 | Session: Guest | Page: /index.php?pg=dailycaseactivities.php | Referrer: http://localhost/index.php?pg=dailycaseactivities.php&option=edit | Agent: Mozilla/5.0 (Macintosh; Intel Mac OS X 10_15_7) AppleWebKit/605.1.15 (KHTML, like Gecko) Version/18.3 Safari/605.1.15
[2025-07-13 16:21:01] IP: ::1 | Session: Guest | Page: /index.php?pg=dailycaseactivities.php | Referrer: http://localhost/index.php?pg=dailycaseactivities.php | Agent: Mozilla/5.0 (Macintosh; Intel Mac OS X 10_15_7) AppleWebKit/605.1.15 (KHTML, like Gecko) Version/18.3 Safari/605.1.15
[2025-07-13 16:21:40] IP: ::1 | Session: Guest | Page: /index.php?pg=dailycaseactivities.php&view=e-daybook | Referrer: http://localhost/index.php?pg=dailycaseactivities.php | Agent: Mozilla/5.0 (Macintosh; Intel Mac OS X 10_15_7) AppleWebKit/605.1.15 (KHTML, like Gecko) Version/18.3 Safari/605.1.15
[2025-07-13 16:21:42] IP: ::1 | Session: Guest | Page: /index.php?pg=dailycaseactivities.php&option=edit | Referrer: http://localhost/index.php?pg=dailycaseactivities.php&view=e-daybook | Agent: Mozilla/5.0 (Macintosh; Intel Mac OS X 10_15_7) AppleWebKit/605.1.15 (KHTML, like Gecko) Version/18.3 Safari/605.1.15
[2025-07-13 16:21:52] IP: ::1 | Session: Guest | Page: /index.php?pg=dailycaseactivities.php | Referrer: http://localhost/index.php?pg=dailycaseactivities.php&option=edit | Agent: Mozilla/5.0 (Macintosh; Intel Mac OS X 10_15_7) AppleWebKit/605.1.15 (KHTML, like Gecko) Version/18.3 Safari/605.1.15
[2025-07-13 16:21:54] IP: ::1 | Session: Guest | Page: /index.php?pg=dailycaseactivities.php | Referrer: http://localhost/index.php?pg=dailycaseactivities.php | Agent: Mozilla/5.0 (Macintosh; Intel Mac OS X 10_15_7) AppleWebKit/605.1.15 (KHTML, like Gecko) Version/18.3 Safari/605.1.15
[2025-07-13 16:21:55] IP: ::1 | Session: Guest | Page: /index.php?pg=dailycaseactivities.php&view=e-daybook | Referrer: http://localhost/index.php?pg=dailycaseactivities.php | Agent: Mozilla/5.0 (Macintosh; Intel Mac OS X 10_15_7) AppleWebKit/605.1.15 (KHTML, like Gecko) Version/18.3 Safari/605.1.15
[2025-07-13 16:23:02] IP: ::1 | Session: Guest | Page: /index.php?pg=dailycaseactivities.php&option=edit | Referrer: http://localhost/index.php?pg=dailycaseactivities.php&view=e-daybook | Agent: Mozilla/5.0 (Macintosh; Intel Mac OS X 10_15_7) AppleWebKit/605.1.15 (KHTML, like Gecko) Version/18.3 Safari/605.1.15
[2025-07-13 16:25:46] IP: ::1 | Session: Guest | Page: /index.php?pg=dailycaseactivities.php | Referrer: http://localhost/index.php?pg=dailycaseactivities.php&option=edit | Agent: Mozilla/5.0 (Macintosh; Intel Mac OS X 10_15_7) AppleWebKit/605.1.15 (KHTML, like Gecko) Version/18.3 Safari/605.1.15
[2025-07-13 16:26:36] IP: ::1 | Session: Guest | Page: /index.php?pg=dailycaseactivities.php | Referrer: http://localhost/index.php?pg=dailycaseactivities.php | Agent: Mozilla/5.0 (Macintosh; Intel Mac OS X 10_15_7) AppleWebKit/605.1.15 (KHTML, like Gecko) Version/18.3 Safari/605.1.15
[2025-07-13 16:27:25] IP: ::1 | Session: Guest | Page: /index.php?pg=dailycaseactivities.php | Referrer: http://localhost/index.php?pg=dailycaseactivities.php | Agent: Mozilla/5.0 (Macintosh; Intel Mac OS X 10_15_7) AppleWebKit/605.1.15 (KHTML, like Gecko) Version/18.3 Safari/605.1.15
[2025-07-13 16:27:33] IP: ::1 | Session: Guest | Page: /index.php?pg=dailycaseactivities.php&view=e-daybook | Referrer: http://localhost/index.php?pg=dailycaseactivities.php | Agent: Mozilla/5.0 (Macintosh; Intel Mac OS X 10_15_7) AppleWebKit/605.1.15 (KHTML, like Gecko) Version/18.3 Safari/605.1.15
[2025-07-13 16:27:39] IP: ::1 | Session: Guest | Page: /index.php?pg=dailycaseactivities.php&option=edit | Referrer: http://localhost/index.php?pg=dailycaseactivities.php&view=e-daybook | Agent: Mozilla/5.0 (Macintosh; Intel Mac OS X 10_15_7) AppleWebKit/605.1.15 (KHTML, like Gecko) Version/18.3 Safari/605.1.15
[2025-07-13 16:27:54] IP: ::1 | Session: Guest | Page: /index.php?pg=dailycaseactivities.php | Referrer: http://localhost/index.php?pg=dailycaseactivities.php&option=edit | Agent: Mozilla/5.0 (Macintosh; Intel Mac OS X 10_15_7) AppleWebKit/605.1.15 (KHTML, like Gecko) Version/18.3 Safari/605.1.15
[2025-07-13 16:30:09] IP: ::1 | Session: Guest | Page: /index.php?pg=dailycaseactivities.php | Referrer: http://localhost/index.php?pg=dailycaseactivities.php&option=edit | Agent: Mozilla/5.0 (Macintosh; Intel Mac OS X 10_15_7) AppleWebKit/605.1.15 (KHTML, like Gecko) Version/18.3 Safari/605.1.15
[2025-07-13 16:30:12] IP: ::1 | Session: Guest | Page: /index.php?pg=dailycaseactivities.php | Referrer: http://localhost/index.php?pg=dailycaseactivities.php | Agent: Mozilla/5.0 (Macintosh; Intel Mac OS X 10_15_7) AppleWebKit/605.1.15 (KHTML, like Gecko) Version/18.3 Safari/605.1.15
[2025-07-13 16:30:13] IP: ::1 | Session: Guest | Page: /index.php?pg=dailycaseactivities.php | Referrer: http://localhost/index.php?pg=dailycaseactivities.php | Agent: Mozilla/5.0 (Macintosh; Intel Mac OS X 10_15_7) AppleWebKit/605.1.15 (KHTML, like Gecko) Version/18.3 Safari/605.1.15
[2025-07-13 16:30:16] IP: ::1 | Session: Guest | Page: /index.php?pg=dailycaseactivities.php&view=e-daybook | Referrer: http://localhost/index.php?pg=dailycaseactivities.php | Agent: Mozilla/5.0 (Macintosh; Intel Mac OS X 10_15_7) AppleWebKit/605.1.15 (KHTML, like Gecko) Version/18.3 Safari/605.1.15
[2025-07-13 16:30:19] IP: ::1 | Session: Guest | Page: /index.php?pg=dailycaseactivities.php&option=edit | Referrer: http://localhost/index.php?pg=dailycaseactivities.php&view=e-daybook | Agent: Mozilla/5.0 (Macintosh; Intel Mac OS X 10_15_7) AppleWebKit/605.1.15 (KHTML, like Gecko) Version/18.3 Safari/605.1.15
[2025-07-13 16:30:22] IP: ::1 | Session: Guest | Page: /index.php?pg=dailycaseactivities.php | Referrer: http://localhost/index.php?pg=dailycaseactivities.php&option=edit | Agent: Mozilla/5.0 (Macintosh; Intel Mac OS X 10_15_7) AppleWebKit/605.1.15 (KHTML, like Gecko) Version/18.3 Safari/605.1.15
[2025-07-13 16:30:25] IP: ::1 | Session: Guest | Page: /index.php?pg=dailycaseactivities.php | Referrer: http://localhost/index.php?pg=dailycaseactivities.php | Agent: Mozilla/5.0 (Macintosh; Intel Mac OS X 10_15_7) AppleWebKit/605.1.15 (KHTML, like Gecko) Version/18.3 Safari/605.1.15
[2025-07-13 16:30:26] IP: ::1 | Session: Guest | Page: /index.php?pg=dailycaseactivities.php&view=e-daybook | Referrer: http://localhost/index.php?pg=dailycaseactivities.php | Agent: Mozilla/5.0 (Macintosh; Intel Mac OS X 10_15_7) AppleWebKit/605.1.15 (KHTML, like Gecko) Version/18.3 Safari/605.1.15
[2025-07-13 16:30:30] IP: ::1 | Session: Guest | Page: /index.php?pg=dailycaseactivities.php&option=edit | Referrer: http://localhost/index.php?pg=dailycaseactivities.php&view=e-daybook | Agent: Mozilla/5.0 (Macintosh; Intel Mac OS X 10_15_7) AppleWebKit/605.1.15 (KHTML, like Gecko) Version/18.3 Safari/605.1.15
[2025-07-13 16:30:44] IP: ::1 | Session: Guest | Page: /index.php?pg=dailycaseactivities.php | Referrer: http://localhost/index.php?pg=dailycaseactivities.php&option=edit | Agent: Mozilla/5.0 (Macintosh; Intel Mac OS X 10_15_7) AppleWebKit/605.1.15 (KHTML, like Gecko) Version/18.3 Safari/605.1.15
[2025-07-13 16:38:31] IP: ::1 | Session: Guest | Page: /index.php?pg=dailycaseactivities.php&option=edit | Referrer: http://localhost/index.php?pg=dailycaseactivities.php&view=e-daybook | Agent: Mozilla/5.0 (Macintosh; Intel Mac OS X 10_15_7) AppleWebKit/605.1.15 (KHTML, like Gecko) Version/18.3 Safari/605.1.15
[2025-07-13 16:40:11] IP: ::1 | Session: Guest | Page: /index.php?pg=dailycaseactivities.php | Referrer: http://localhost/index.php?pg=dailycaseactivities.php&option=edit | Agent: Mozilla/5.0 (Macintosh; Intel Mac OS X 10_15_7) AppleWebKit/605.1.15 (KHTML, like Gecko) Version/18.3 Safari/605.1.15
[2025-07-13 16:40:13] IP: ::1 | Session: Guest | Page: /index.php?pg=dailycaseactivities.php&view=e-daybook | Referrer: http://localhost/index.php?pg=dailycaseactivities.php | Agent: Mozilla/5.0 (Macintosh; Intel Mac OS X 10_15_7) AppleWebKit/605.1.15 (KHTML, like Gecko) Version/18.3 Safari/605.1.15
[2025-07-13 16:40:14] IP: ::1 | Session: Guest | Page: /index.php?pg=dailycaseactivities.php&view=e-daybook | Referrer: http://localhost/index.php?pg=dailycaseactivities.php | Agent: Mozilla/5.0 (Macintosh; Intel Mac OS X 10_15_7) AppleWebKit/605.1.15 (KHTML, like Gecko) Version/18.3 Safari/605.1.15
[2025-07-13 16:40:18] IP: ::1 | Session: Guest | Page: /index.php?pg=dailycaseactivities.php&option=edit | Referrer: http://localhost/index.php?pg=dailycaseactivities.php&view=e-daybook | Agent: Mozilla/5.0 (Macintosh; Intel Mac OS X 10_15_7) AppleWebKit/605.1.15 (KHTML, like Gecko) Version/18.3 Safari/605.1.15
[2025-07-13 16:40:25] IP: ::1 | Session: Guest | Page: /index.php?pg=dailycaseactivities.php | Referrer: http://localhost/index.php?pg=dailycaseactivities.php&option=edit | Agent: Mozilla/5.0 (Macintosh; Intel Mac OS X 10_15_7) AppleWebKit/605.1.15 (KHTML, like Gecko) Version/18.3 Safari/605.1.15
[2025-07-13 16:41:00] IP: ::1 | Session: Guest | Page: /index.php?pg=dailycaseactivities.php | Referrer: http://localhost/index.php?pg=dailycaseactivities.php&option=edit | Agent: Mozilla/5.0 (Macintosh; Intel Mac OS X 10_15_7) AppleWebKit/605.1.15 (KHTML, like Gecko) Version/18.3 Safari/605.1.15
[2025-07-13 16:43:41] IP: ::1 | Session: Guest | Page: /index.php?pg=dailycaseactivities.php | Referrer: http://localhost/index.php?pg=dailycaseactivities.php&option=edit | Agent: Mozilla/5.0 (Macintosh; Intel Mac OS X 10_15_7) AppleWebKit/605.1.15 (KHTML, like Gecko) Version/18.3 Safari/605.1.15
[2025-07-13 16:46:24] IP: ::1 | Session: Guest | Page: /index.php?pg=dailycaseactivities.php | Referrer: http://localhost/index.php?pg=dailycaseactivities.php&option=edit | Agent: Mozilla/5.0 (Macintosh; Intel Mac OS X 10_15_7) AppleWebKit/605.1.15 (KHTML, like Gecko) Version/18.3 Safari/605.1.15
[2025-07-13 16:51:55] IP: ::1 | Session: Guest | Page: /index.php?pg=dailycaseactivities.php | Referrer: http://localhost/index.php?pg=dailycaseactivities.php&option=edit | Agent: Mozilla/5.0 (Macintosh; Intel Mac OS X 10_15_7) AppleWebKit/605.1.15 (KHTML, like Gecko) Version/18.3 Safari/605.1.15
[2025-07-13 16:53:25] IP: ::1 | Session: Guest | Page: /index.php?pg=dailycaseactivities.php | Referrer: http://localhost/index.php?pg=dailycaseactivities.php&option=edit | Agent: Mozilla/5.0 (Macintosh; Intel Mac OS X 10_15_7) AppleWebKit/605.1.15 (KHTML, like Gecko) Version/18.3 Safari/605.1.15
[2025-07-13 16:58:24] IP: ::1 | Session: Guest | Page: /index.php?pg=dailycaseactivities.php | Referrer: http://localhost/index.php?pg=dailycaseactivities.php | Agent: Mozilla/5.0 (Macintosh; Intel Mac OS X 10_15_7) AppleWebKit/605.1.15 (KHTML, like Gecko) Version/18.3 Safari/605.1.15
[2025-07-13 16:58:26] IP: ::1 | Session: Guest | Page: /index.php?pg=dailycaseactivities.php&view=e-daybook | Referrer: http://localhost/index.php?pg=dailycaseactivities.php | Agent: Mozilla/5.0 (Macintosh; Intel Mac OS X 10_15_7) AppleWebKit/605.1.15 (KHTML, like Gecko) Version/18.3 Safari/605.1.15
[2025-07-13 16:58:30] IP: ::1 | Session: Guest | Page: /index.php?pg=dailycaseactivities.php | Referrer: http://localhost/index.php?pg=dailycaseactivities.php&view=e-daybook | Agent: Mozilla/5.0 (Macintosh; Intel Mac OS X 10_15_7) AppleWebKit/605.1.15 (KHTML, like Gecko) Version/18.3 Safari/605.1.15
[2025-07-13 17:02:18] IP: ::1 | Session: Guest | Page: /index.php?pg=dailycaseactivities.php | Referrer: http://localhost/index.php?pg=dailycaseactivities.php | Agent: Mozilla/5.0 (Macintosh; Intel Mac OS X 10_15_7) AppleWebKit/605.1.15 (KHTML, like Gecko) Version/18.3 Safari/605.1.15
[2025-07-13 17:02:20] IP: ::1 | Session: Guest | Page: /index.php?pg=dailycaseactivities.php | Referrer: http://localhost/index.php?pg=dailycaseactivities.php | Agent: Mozilla/5.0 (Macintosh; Intel Mac OS X 10_15_7) AppleWebKit/605.1.15 (KHTML, like Gecko) Version/18.3 Safari/605.1.15
[2025-07-13 17:02:31] IP: ::1 | Session: Guest | Page: /index.php?pg=dailycaseactivities.php&view=e-daybook | Referrer: http://localhost/index.php?pg=dailycaseactivities.php | Agent: Mozilla/5.0 (Macintosh; Intel Mac OS X 10_15_7) AppleWebKit/605.1.15 (KHTML, like Gecko) Version/18.3 Safari/605.1.15
[2025-07-13 17:02:32] IP: ::1 | Session: Guest | Page: /index.php?pg=dailycaseactivities.php&option=edit | Referrer: http://localhost/index.php?pg=dailycaseactivities.php&view=e-daybook | Agent: Mozilla/5.0 (Macintosh; Intel Mac OS X 10_15_7) AppleWebKit/605.1.15 (KHTML, like Gecko) Version/18.3 Safari/605.1.15
[2025-07-13 17:03:48] IP: ::1 | Session: Guest | Page: /index.php?pg=dailycaseactivities.php | Referrer: http://localhost/index.php?pg=dailycaseactivities.php&option=edit | Agent: Mozilla/5.0 (Macintosh; Intel Mac OS X 10_15_7) AppleWebKit/605.1.15 (KHTML, like Gecko) Version/18.3 Safari/605.1.15
[2025-07-13 17:03:50] IP: ::1 | Session: Guest | Page: /index.php?pg=dailycaseactivities.php&view=e-daybook | Referrer: http://localhost/index.php?pg=dailycaseactivities.php | Agent: Mozilla/5.0 (Macintosh; Intel Mac OS X 10_15_7) AppleWebKit/605.1.15 (KHTML, like Gecko) Version/18.3 Safari/605.1.15
[2025-07-13 17:03:52] IP: ::1 | Session: Guest | Page: /index.php?pg=dailycaseactivities.php&option=edit | Referrer: http://localhost/index.php?pg=dailycaseactivities.php&view=e-daybook | Agent: Mozilla/5.0 (Macintosh; Intel Mac OS X 10_15_7) AppleWebKit/605.1.15 (KHTML, like Gecko) Version/18.3 Safari/605.1.15
[2025-07-13 17:04:10] IP: ::1 | Session: Guest | Page: /index.php?pg=dailycaseactivities.php | Referrer: http://localhost/index.php?pg=dailycaseactivities.php&option=edit | Agent: Mozilla/5.0 (Macintosh; Intel Mac OS X 10_15_7) AppleWebKit/605.1.15 (KHTML, like Gecko) Version/18.3 Safari/605.1.15
[2025-07-13 17:04:24] IP: ::1 | Session: Guest | Page: /index.php?pg=dailycaseactivities.php | Referrer: http://localhost/index.php?pg=dailycaseactivities.php&option=edit | Agent: Mozilla/5.0 (Macintosh; Intel Mac OS X 10_15_7) AppleWebKit/605.1.15 (KHTML, like Gecko) Version/18.3 Safari/605.1.15
[2025-07-13 17:05:33] IP: ::1 | Session: Guest | Page: /index.php?pg=dailycaseactivities.php&option=edit | Referrer: http://localhost/index.php?pg=dailycaseactivities.php&view=e-daybook | Agent: Mozilla/5.0 (Macintosh; Intel Mac OS X 10_15_7) AppleWebKit/605.1.15 (KHTML, like Gecko) Version/18.3 Safari/605.1.15
[2025-07-13 17:05:42] IP: ::1 | Session: Guest | Page: /index.php?pg=dailycaseactivities.php | Referrer: http://localhost/index.php?pg=dailycaseactivities.php&option=edit | Agent: Mozilla/5.0 (Macintosh; Intel Mac OS X 10_15_7) AppleWebKit/605.1.15 (KHTML, like Gecko) Version/18.3 Safari/605.1.15
[2025-07-13 17:10:48] IP: ::1 | Session: Guest | Page: /index.php?pg=dailycaseactivities.php | Referrer: http://localhost/index.php?pg=dailycaseactivities.php&option=edit | Agent: Mozilla/5.0 (Macintosh; Intel Mac OS X 10_15_7) AppleWebKit/605.1.15 (KHTML, like Gecko) Version/18.3 Safari/605.1.15
[2025-07-13 17:11:06] IP: ::1 | Session: Guest | Page: /index.php?pg=dailycaseactivities.php | Referrer: http://localhost/index.php?pg=dailycaseactivities.php&option=edit | Agent: Mozilla/5.0 (Macintosh; Intel Mac OS X 10_15_7) AppleWebKit/605.1.15 (KHTML, like Gecko) Version/18.3 Safari/605.1.15
[2025-07-13 17:14:47] IP: ::1 | Session: Guest | Page: /index.php?pg=dailycaseactivities.php | Referrer: http://localhost/index.php?pg=dailycaseactivities.php | Agent: Mozilla/5.0 (Macintosh; Intel Mac OS X 10_15_7) AppleWebKit/605.1.15 (KHTML, like Gecko) Version/18.3 Safari/605.1.15
[2025-07-13 17:14:48] IP: ::1 | Session: Guest | Page: /index.php?pg=dailycaseactivities.php&view=e-daybook | Referrer: http://localhost/index.php?pg=dailycaseactivities.php | Agent: Mozilla/5.0 (Macintosh; Intel Mac OS X 10_15_7) AppleWebKit/605.1.15 (KHTML, like Gecko) Version/18.3 Safari/605.1.15
[2025-07-13 17:14:52] IP: ::1 | Session: Guest | Page: /index.php?pg=dailycaseactivities.php&option=edit | Referrer: http://localhost/index.php?pg=dailycaseactivities.php&view=e-daybook | Agent: Mozilla/5.0 (Macintosh; Intel Mac OS X 10_15_7) AppleWebKit/605.1.15 (KHTML, like Gecko) Version/18.3 Safari/605.1.15
[2025-07-13 17:15:03] IP: ::1 | Session: Guest | Page: /index.php?pg=dailycaseactivities.php | Referrer: http://localhost/index.php?pg=dailycaseactivities.php&option=edit | Agent: Mozilla/5.0 (Macintosh; Intel Mac OS X 10_15_7) AppleWebKit/605.1.15 (KHTML, like Gecko) Version/18.3 Safari/605.1.15
[2025-07-13 17:19:41] IP: ::1 | Session: Guest | Page: /index.php?pg=dailycaseactivities.php | Referrer: http://localhost/index.php?pg=dailycaseactivities.php&option=edit | Agent: Mozilla/5.0 (Macintosh; Intel Mac OS X 10_15_7) AppleWebKit/605.1.15 (KHTML, like Gecko) Version/18.3 Safari/605.1.15
[2025-07-13 17:19:42] IP: ::1 | Session: Guest | Page: /index.php?pg=dailycaseactivities.php&view=e-daybook | Referrer: http://localhost/index.php?pg=dailycaseactivities.php | Agent: Mozilla/5.0 (Macintosh; Intel Mac OS X 10_15_7) AppleWebKit/605.1.15 (KHTML, like Gecko) Version/18.3 Safari/605.1.15
[2025-07-13 17:19:44] IP: ::1 | Session: Guest | Page: /index.php?pg=dailycaseactivities.php&option=edit | Referrer: http://localhost/index.php?pg=dailycaseactivities.php&view=e-daybook | Agent: Mozilla/5.0 (Macintosh; Intel Mac OS X 10_15_7) AppleWebKit/605.1.15 (KHTML, like Gecko) Version/18.3 Safari/605.1.15
[2025-07-13 17:19:57] IP: ::1 | Session: Guest | Page: /index.php?pg=dailycaseactivities.php | Referrer: http://localhost/index.php?pg=dailycaseactivities.php&option=edit | Agent: Mozilla/5.0 (Macintosh; Intel Mac OS X 10_15_7) AppleWebKit/605.1.15 (KHTML, like Gecko) Version/18.3 Safari/605.1.15
[2025-07-13 17:23:04] IP: ::1 | Session: Guest | Page: /index.php?pg=dailycaseactivities.php&option=edit | Referrer: http://localhost/index.php?pg=dailycaseactivities.php&view=e-daybook | Agent: Mozilla/5.0 (Macintosh; Intel Mac OS X 10_15_7) AppleWebKit/605.1.15 (KHTML, like Gecko) Version/18.3 Safari/605.1.15
[2025-07-13 17:23:16] IP: ::1 | Session: Guest | Page: /index.php?pg=dailycaseactivities.php | Referrer: http://localhost/index.php?pg=dailycaseactivities.php&option=edit | Agent: Mozilla/5.0 (Macintosh; Intel Mac OS X 10_15_7) AppleWebKit/605.1.15 (KHTML, like Gecko) Version/18.3 Safari/605.1.15
[2025-07-13 17:23:16] IP: ::1 | Session: Guest | Page: /index.php?pg=dailycaseactivities.php | Referrer: http://localhost/index.php?pg=dailycaseactivities.php | Agent: Mozilla/5.0 (Macintosh; Intel Mac OS X 10_15_7) AppleWebKit/605.1.15 (KHTML, like Gecko) Version/18.3 Safari/605.1.15
[2025-07-13 17:27:50] IP: ::1 | Session: Guest | Page: /index.php?pg=dailycaseactivities.php | Referrer: http://localhost/index.php?pg=dailycaseactivities.php | Agent: Mozilla/5.0 (Macintosh; Intel Mac OS X 10_15_7) AppleWebKit/605.1.15 (KHTML, like Gecko) Version/18.3 Safari/605.1.15
[2025-07-13 17:28:44] IP: ::1 | Session: Guest | Page: /index.php?pg=dailycaseactivities.php | Referrer: http://localhost/index.php?pg=dailycaseactivities.php | Agent: Mozilla/5.0 (Macintosh; Intel Mac OS X 10_15_7) AppleWebKit/605.1.15 (KHTML, like Gecko) Version/18.3 Safari/605.1.15
[2025-07-13 17:28:47] IP: ::1 | Session: Guest | Page: /index.php?pg=dailycaseactivities.php | Referrer: http://localhost/index.php?pg=dailycaseactivities.php | Agent: Mozilla/5.0 (Macintosh; Intel Mac OS X 10_15_7) AppleWebKit/605.1.15 (KHTML, like Gecko) Version/18.3 Safari/605.1.15
[2025-07-13 17:28:48] IP: ::1 | Session: Guest | Page: /index.php?pg=dailycaseactivities.php&view=e-daybook | Referrer: http://localhost/index.php?pg=dailycaseactivities.php | Agent: Mozilla/5.0 (Macintosh; Intel Mac OS X 10_15_7) AppleWebKit/605.1.15 (KHTML, like Gecko) Version/18.3 Safari/605.1.15
[2025-07-13 17:28:50] IP: ::1 | Session: Guest | Page: /index.php?pg=dailycaseactivities.php&option=edit | Referrer: http://localhost/index.php?pg=dailycaseactivities.php&view=e-daybook | Agent: Mozilla/5.0 (Macintosh; Intel Mac OS X 10_15_7) AppleWebKit/605.1.15 (KHTML, like Gecko) Version/18.3 Safari/605.1.15
[2025-07-13 17:29:19] IP: ::1 | Session: Guest | Page: /index.php?pg=dailycaseactivities.php | Referrer: http://localhost/index.php?pg=dailycaseactivities.php&option=edit | Agent: Mozilla/5.0 (Macintosh; Intel Mac OS X 10_15_7) AppleWebKit/605.1.15 (KHTML, like Gecko) Version/18.3 Safari/605.1.15
[2025-07-13 17:34:06] IP: ::1 | Session: Guest | Page: /index.php?pg=dailycaseactivities.php | Referrer: http://localhost/index.php?pg=dailycaseactivities.php&option=edit | Agent: Mozilla/5.0 (Macintosh; Intel Mac OS X 10_15_7) AppleWebKit/605.1.15 (KHTML, like Gecko) Version/18.3 Safari/605.1.15
[2025-07-13 17:34:08] IP: ::1 | Session: Guest | Page: /index.php?pg=dailycaseactivities.php&view=e-daybook | Referrer: http://localhost/index.php?pg=dailycaseactivities.php | Agent: Mozilla/5.0 (Macintosh; Intel Mac OS X 10_15_7) AppleWebKit/605.1.15 (KHTML, like Gecko) Version/18.3 Safari/605.1.15
[2025-07-13 17:34:10] IP: ::1 | Session: Guest | Page: /index.php?pg=dailycaseactivities.php&option=edit | Referrer: http://localhost/index.php?pg=dailycaseactivities.php&view=e-daybook | Agent: Mozilla/5.0 (Macintosh; Intel Mac OS X 10_15_7) AppleWebKit/605.1.15 (KHTML, like Gecko) Version/18.3 Safari/605.1.15
[2025-07-13 17:34:19] IP: ::1 | Session: Guest | Page: /index.php?pg=dailycaseactivities.php | Referrer: http://localhost/index.php?pg=dailycaseactivities.php&option=edit | Agent: Mozilla/5.0 (Macintosh; Intel Mac OS X 10_15_7) AppleWebKit/605.1.15 (KHTML, like Gecko) Version/18.3 Safari/605.1.15
[2025-07-13 17:36:34] IP: ::1 | Session: Guest | Page: /index.php?pg=dailycaseactivities.php | Referrer: http://localhost/index.php?pg=dailycaseactivities.php | Agent: Mozilla/5.0 (Macintosh; Intel Mac OS X 10_15_7) AppleWebKit/605.1.15 (KHTML, like Gecko) Version/18.3 Safari/605.1.15
[2025-07-13 17:36:35] IP: ::1 | Session: Guest | Page: /index.php?pg=dailycaseactivities.php | Referrer: http://localhost/index.php?pg=dailycaseactivities.php | Agent: Mozilla/5.0 (Macintosh; Intel Mac OS X 10_15_7) AppleWebKit/605.1.15 (KHTML, like Gecko) Version/18.3 Safari/605.1.15
[2025-07-13 17:36:37] IP: ::1 | Session: Guest | Page: /index.php?pg=dailycaseactivities.php&view=e-daybook | Referrer: http://localhost/index.php?pg=dailycaseactivities.php | Agent: Mozilla/5.0 (Macintosh; Intel Mac OS X 10_15_7) AppleWebKit/605.1.15 (KHTML, like Gecko) Version/18.3 Safari/605.1.15
[2025-07-13 17:36:43] IP: ::1 | Session: Guest | Page: /index.php?pg=dailycaseactivities.php&option=edit | Referrer: http://localhost/index.php?pg=dailycaseactivities.php&view=e-daybook | Agent: Mozilla/5.0 (Macintosh; Intel Mac OS X 10_15_7) AppleWebKit/605.1.15 (KHTML, like Gecko) Version/18.3 Safari/605.1.15
[2025-07-13 17:37:01] IP: ::1 | Session: Guest | Page: /index.php?pg=dailycaseactivities.php | Referrer: http://localhost/index.php?pg=dailycaseactivities.php&option=edit | Agent: Mozilla/5.0 (Macintosh; Intel Mac OS X 10_15_7) AppleWebKit/605.1.15 (KHTML, like Gecko) Version/18.3 Safari/605.1.15
[2025-07-13 17:38:44] IP: ::1 | Session: Guest | Page: /index.php?pg=dailycaseactivities.php | Referrer: http://localhost/index.php?pg=dailycaseactivities.php | Agent: Mozilla/5.0 (Macintosh; Intel Mac OS X 10_15_7) AppleWebKit/605.1.15 (KHTML, like Gecko) Version/18.3 Safari/605.1.15
[2025-07-13 17:38:46] IP: ::1 | Session: Guest | Page: /index.php?pg=dailycaseactivities.php&view=e-daybook | Referrer: http://localhost/index.php?pg=dailycaseactivities.php | Agent: Mozilla/5.0 (Macintosh; Intel Mac OS X 10_15_7) AppleWebKit/605.1.15 (KHTML, like Gecko) Version/18.3 Safari/605.1.15
[2025-07-13 17:38:49] IP: ::1 | Session: Guest | Page: /index.php?pg=dailycaseactivities.php&option=edit | Referrer: http://localhost/index.php?pg=dailycaseactivities.php&view=e-daybook | Agent: Mozilla/5.0 (Macintosh; Intel Mac OS X 10_15_7) AppleWebKit/605.1.15 (KHTML, like Gecko) Version/18.3 Safari/605.1.15
[2025-07-13 17:39:15] IP: ::1 | Session: Guest | Page: /index.php?pg=dailycaseactivities.php | Referrer: http://localhost/index.php?pg=dailycaseactivities.php&option=edit | Agent: Mozilla/5.0 (Macintosh; Intel Mac OS X 10_15_7) AppleWebKit/605.1.15 (KHTML, like Gecko) Version/18.3 Safari/605.1.15
[2025-07-13 17:45:10] IP: ::1 | Session: Guest | Page: /index.php?pg=dailycaseactivities.php | Referrer: http://localhost/index.php?pg=dailycaseactivities.php | Agent: Mozilla/5.0 (Macintosh; Intel Mac OS X 10_15_7) AppleWebKit/605.1.15 (KHTML, like Gecko) Version/18.3 Safari/605.1.15
[2025-07-13 17:45:12] IP: ::1 | Session: Guest | Page: /index.php?pg=dailycaseactivities.php&view=e-daybook | Referrer: http://localhost/index.php?pg=dailycaseactivities.php | Agent: Mozilla/5.0 (Macintosh; Intel Mac OS X 10_15_7) AppleWebKit/605.1.15 (KHTML, like Gecko) Version/18.3 Safari/605.1.15
[2025-07-13 17:45:15] IP: ::1 | Session: Guest | Page: /index.php?pg=dailycaseactivities.php&option=edit | Referrer: http://localhost/index.php?pg=dailycaseactivities.php&view=e-daybook | Agent: Mozilla/5.0 (Macintosh; Intel Mac OS X 10_15_7) AppleWebKit/605.1.15 (KHTML, like Gecko) Version/18.3 Safari/605.1.15
[2025-07-13 17:45:39] IP: ::1 | Session: Guest | Page: /index.php?pg=dailycaseactivities.php | Referrer: http://localhost/index.php?pg=dailycaseactivities.php&option=edit | Agent: Mozilla/5.0 (Macintosh; Intel Mac OS X 10_15_7) AppleWebKit/605.1.15 (KHTML, like Gecko) Version/18.3 Safari/605.1.15
[2025-07-13 17:48:36] IP: ::1 | Session: Guest | Page: /index.php?pg=dailycaseactivities.php | Referrer: http://localhost/index.php?pg=dailycaseactivities.php&option=edit | Agent: Mozilla/5.0 (Macintosh; Intel Mac OS X 10_15_7) AppleWebKit/605.1.15 (KHTML, like Gecko) Version/18.3 Safari/605.1.15
[2025-07-13 17:48:37] IP: ::1 | Session: Guest | Page: /index.php?pg=dailycaseactivities.php | Referrer: http://localhost/index.php?pg=dailycaseactivities.php | Agent: Mozilla/5.0 (Macintosh; Intel Mac OS X 10_15_7) AppleWebKit/605.1.15 (KHTML, like Gecko) Version/18.3 Safari/605.1.15
[2025-07-13 17:49:07] IP: ::1 | Session: Guest | Page: /index.php?pg=dailycaseactivities.php | Referrer: http://localhost/index.php?pg=dailycaseactivities.php | Agent: Mozilla/5.0 (Macintosh; Intel Mac OS X 10_15_7) AppleWebKit/605.1.15 (KHTML, like Gecko) Version/18.3 Safari/605.1.15
[2025-07-13 17:49:08] IP: ::1 | Session: Guest | Page: /index.php?pg=dailycaseactivities.php | Referrer: http://localhost/index.php?pg=dailycaseactivities.php | Agent: Mozilla/5.0 (Macintosh; Intel Mac OS X 10_15_7) AppleWebKit/605.1.15 (KHTML, like Gecko) Version/18.3 Safari/605.1.15
[2025-07-13 17:50:50] IP: ::1 | Session: Guest | Page: /index.php?pg=dailycaseactivities.php | Referrer: http://localhost/index.php?pg=dailycaseactivities.php | Agent: Mozilla/5.0 (Macintosh; Intel Mac OS X 10_15_7) AppleWebKit/605.1.15 (KHTML, like Gecko) Version/18.3 Safari/605.1.15
[2025-07-13 17:50:52] IP: ::1 | Session: Guest | Page: /index.php?pg=dailycaseactivities.php | Referrer: http://localhost/index.php?pg=dailycaseactivities.php | Agent: Mozilla/5.0 (Macintosh; Intel Mac OS X 10_15_7) AppleWebKit/605.1.15 (KHTML, like Gecko) Version/18.3 Safari/605.1.15
[2025-07-13 17:51:22] IP: ::1 | Session: Guest | Page: /index.php?pg=dailycaseactivities.php | Referrer: http://localhost/index.php?pg=dailycaseactivities.php | Agent: Mozilla/5.0 (Macintosh; Intel Mac OS X 10_15_7) AppleWebKit/605.1.15 (KHTML, like Gecko) Version/18.3 Safari/605.1.15
[2025-07-13 17:51:23] IP: ::1 | Session: Guest | Page: /index.php?pg=dailycaseactivities.php | Referrer: http://localhost/index.php?pg=dailycaseactivities.php | Agent: Mozilla/5.0 (Macintosh; Intel Mac OS X 10_15_7) AppleWebKit/605.1.15 (KHTML, like Gecko) Version/18.3 Safari/605.1.15
[2025-07-13 17:55:04] IP: ::1 | Session: Guest | Page: /index.php?pg=dailycaseactivities.php | Referrer: http://localhost/index.php?pg=dailycaseactivities.php | Agent: Mozilla/5.0 (Macintosh; Intel Mac OS X 10_15_7) AppleWebKit/605.1.15 (KHTML, like Gecko) Version/18.3 Safari/605.1.15
[2025-07-13 17:55:06] IP: ::1 | Session: Guest | Page: /index.php?pg=dailycaseactivities.php | Referrer: http://localhost/index.php?pg=dailycaseactivities.php | Agent: Mozilla/5.0 (Macintosh; Intel Mac OS X 10_15_7) AppleWebKit/605.1.15 (KHTML, like Gecko) Version/18.3 Safari/605.1.15
[2025-07-13 17:55:19] IP: ::1 | Session: Guest | Page: /index.php?pg=dailycaseactivities.php | Referrer: http://localhost/index.php?pg=dailycaseactivities.php | Agent: Mozilla/5.0 (Macintosh; Intel Mac OS X 10_15_7) AppleWebKit/605.1.15 (KHTML, like Gecko) Version/18.3 Safari/605.1.15
[2025-07-13 17:55:34] IP: ::1 | Session: Guest | Page: /index.php?pg=dailycaseactivities.php | Referrer: http://localhost/index.php?pg=dailycaseactivities.php | Agent: Mozilla/5.0 (Macintosh; Intel Mac OS X 10_15_7) AppleWebKit/605.1.15 (KHTML, like Gecko) Version/18.3 Safari/605.1.15
[2025-07-13 17:55:51] IP: ::1 | Session: Guest | Page: /index.php?pg=dailycaseactivities.php | Referrer: http://localhost/index.php?pg=dailycaseactivities.php | Agent: Mozilla/5.0 (Macintosh; Intel Mac OS X 10_15_7) AppleWebKit/605.1.15 (KHTML, like Gecko) Version/18.3 Safari/605.1.15
[2025-07-13 17:55:54] IP: ::1 | Session: Guest | Page: /index.php?pg=dailycaseactivities.php&view=e-daybook | Referrer: http://localhost/index.php?pg=dailycaseactivities.php | Agent: Mozilla/5.0 (Macintosh; Intel Mac OS X 10_15_7) AppleWebKit/605.1.15 (KHTML, like Gecko) Version/18.3 Safari/605.1.15
[2025-07-13 17:55:58] IP: ::1 | Session: Guest | Page: /index.php?pg=dailycaseactivities.php&option=edit | Referrer: http://localhost/index.php?pg=dailycaseactivities.php&view=e-daybook | Agent: Mozilla/5.0 (Macintosh; Intel Mac OS X 10_15_7) AppleWebKit/605.1.15 (KHTML, like Gecko) Version/18.3 Safari/605.1.15
[2025-07-13 17:56:17] IP: ::1 | Session: Guest | Page: /index.php?pg=dailycaseactivities.php | Referrer: http://localhost/index.php?pg=dailycaseactivities.php&option=edit | Agent: Mozilla/5.0 (Macintosh; Intel Mac OS X 10_15_7) AppleWebKit/605.1.15 (KHTML, like Gecko) Version/18.3 Safari/605.1.15
[2025-07-13 17:56:46] IP: ::1 | Session: Guest | Page: /index.php?pg=dailycaseactivities.php | Referrer: http://localhost/index.php?pg=dailycaseactivities.php&option=edit | Agent: Mozilla/5.0 (Macintosh; Intel Mac OS X 10_15_7) AppleWebKit/605.1.15 (KHTML, like Gecko) Version/18.3 Safari/605.1.15
[2025-07-13 17:57:31] IP: ::1 | Session: Guest | Page: /index.php?pg=dailycaseactivities.php | Referrer: http://localhost/index.php?pg=dailycaseactivities.php | Agent: Mozilla/5.0 (Macintosh; Intel Mac OS X 10_15_7) AppleWebKit/605.1.15 (KHTML, like Gecko) Version/18.3 Safari/605.1.15
[2025-07-13 17:57:32] IP: ::1 | Session: Guest | Page: /index.php?pg=dailycaseactivities.php | Referrer: http://localhost/index.php?pg=dailycaseactivities.php | Agent: Mozilla/5.0 (Macintosh; Intel Mac OS X 10_15_7) AppleWebKit/605.1.15 (KHTML, like Gecko) Version/18.3 Safari/605.1.15
[2025-07-13 17:58:58] IP: ::1 | Session: Guest | Page: /index.php?pg=dailycaseactivities.php | Referrer: http://localhost/index.php?pg=dailycaseactivities.php | Agent: Mozilla/5.0 (Macintosh; Intel Mac OS X 10_15_7) AppleWebKit/605.1.15 (KHTML, like Gecko) Version/18.3 Safari/605.1.15
[2025-07-13 17:58:59] IP: ::1 | Session: Guest | Page: /index.php?pg=dailycaseactivities.php | Referrer: http://localhost/index.php?pg=dailycaseactivities.php | Agent: Mozilla/5.0 (Macintosh; Intel Mac OS X 10_15_7) AppleWebKit/605.1.15 (KHTML, like Gecko) Version/18.3 Safari/605.1.15
[2025-07-13 17:59:02] IP: ::1 | Session: Guest | Page: /index.php?pg=dailycaseactivities.php | Referrer: http://localhost/index.php?pg=dailycaseactivities.php | Agent: Mozilla/5.0 (Macintosh; Intel Mac OS X 10_15_7) AppleWebKit/605.1.15 (KHTML, like Gecko) Version/18.3 Safari/605.1.15
[2025-07-13 17:59:49] IP: ::1 | Session: Guest | Page: /index.php?pg=dailycaseactivities.php | Referrer: http://localhost/index.php?pg=dailycaseactivities.php | Agent: Mozilla/5.0 (Macintosh; Intel Mac OS X 10_15_7) AppleWebKit/605.1.15 (KHTML, like Gecko) Version/18.3 Safari/605.1.15
[2025-07-13 17:59:53] IP: ::1 | Session: Guest | Page: /index.php?pg=dailycaseactivities.php | Referrer: http://localhost/index.php?pg=dailycaseactivities.php | Agent: Mozilla/5.0 (Macintosh; Intel Mac OS X 10_15_7) AppleWebKit/605.1.15 (KHTML, like Gecko) Version/18.3 Safari/605.1.15
[2025-07-13 18:00:28] IP: ::1 | Session: Guest | Page: /index.php?pg=dailycaseactivities.php | Referrer: http://localhost/index.php?pg=dailycaseactivities.php | Agent: Mozilla/5.0 (Macintosh; Intel Mac OS X 10_15_7) AppleWebKit/605.1.15 (KHTML, like Gecko) Version/18.3 Safari/605.1.15
[2025-07-13 18:00:30] IP: ::1 | Session: Guest | Page: /index.php?pg=dailycaseactivities.php | Referrer: http://localhost/index.php?pg=dailycaseactivities.php | Agent: Mozilla/5.0 (Macintosh; Intel Mac OS X 10_15_7) AppleWebKit/605.1.15 (KHTML, like Gecko) Version/18.3 Safari/605.1.15
[2025-07-13 18:01:09] IP: ::1 | Session: Guest | Page: /index.php?pg=dailycaseactivities.php | Referrer: http://localhost/index.php?pg=dailycaseactivities.php | Agent: Mozilla/5.0 (Macintosh; Intel Mac OS X 10_15_7) AppleWebKit/605.1.15 (KHTML, like Gecko) Version/18.3 Safari/605.1.15
[2025-07-13 18:01:10] IP: ::1 | Session: Guest | Page: /index.php?pg=dailycaseactivities.php | Referrer: http://localhost/index.php?pg=dailycaseactivities.php | Agent: Mozilla/5.0 (Macintosh; Intel Mac OS X 10_15_7) AppleWebKit/605.1.15 (KHTML, like Gecko) Version/18.3 Safari/605.1.15
[2025-07-13 18:01:57] IP: ::1 | Session: Guest | Page: /index.php?pg=dailycaseactivities.php | Referrer: http://localhost/index.php?pg=dailycaseactivities.php | Agent: Mozilla/5.0 (Macintosh; Intel Mac OS X 10_15_7) AppleWebKit/605.1.15 (KHTML, like Gecko) Version/18.3 Safari/605.1.15
[2025-07-13 18:02:03] IP: ::1 | Session: Guest | Page: / | Referrer: Direct or Unknown | Agent: Mozilla/5.0 (Macintosh; Intel Mac OS X 10_15_7) AppleWebKit/605.1.15 (KHTML, like Gecko) Version/18.3 Safari/605.1.15
[2025-07-13 18:02:08] IP: ::1 | Session: Guest | Page: /?pg=notification.php&read=1&id=N00000025 | Referrer: http://localhost/ | Agent: Mozilla/5.0 (Macintosh; Intel Mac OS X 10_15_7) AppleWebKit/605.1.15 (KHTML, like Gecko) Version/18.3 Safari/605.1.15
[2025-07-13 18:02:12] IP: ::1 | Session: Guest | Page: /?pg=notification.php&read=1&id=N00000025 | Referrer: http://localhost/ | Agent: Mozilla/5.0 (Macintosh; Intel Mac OS X 10_15_7) AppleWebKit/605.1.15 (KHTML, like Gecko) Version/18.3 Safari/605.1.15
[2025-07-13 18:02:36] IP: ::1 | Session: Guest | Page: / | Referrer: Direct or Unknown | Agent: Mozilla/5.0 (Macintosh; Intel Mac OS X 10_15_7) AppleWebKit/605.1.15 (KHTML, like Gecko) Version/18.3 Safari/605.1.15
[2025-07-13 18:02:46] IP: ::1 | Session: Guest | Page: /?pg=notification.php&read=1&id=N00000025 | Referrer: http://localhost/ | Agent: Mozilla/5.0 (Macintosh; Intel Mac OS X 10_15_7) AppleWebKit/605.1.15 (KHTML, like Gecko) Version/18.3 Safari/605.1.15
[2025-07-13 18:03:17] IP: ::1 | Session: Guest | Page: /?pg=notification.php&read=1&id=N00000025 | Referrer: http://localhost/ | Agent: Mozilla/5.0 (Macintosh; Intel Mac OS X 10_15_7) AppleWebKit/605.1.15 (KHTML, like Gecko) Version/18.3 Safari/605.1.15
[2025-07-13 18:03:18] IP: ::1 | Session: Guest | Page: /?pg=notification.php&read=1&id=N00000025 | Referrer: http://localhost/ | Agent: Mozilla/5.0 (Macintosh; Intel Mac OS X 10_15_7) AppleWebKit/605.1.15 (KHTML, like Gecko) Version/18.3 Safari/605.1.15
[2025-07-13 18:03:31] IP: ::1 | Session: Guest | Page: / | Referrer: Direct or Unknown | Agent: Mozilla/5.0 (Macintosh; Intel Mac OS X 10_15_7) AppleWebKit/605.1.15 (KHTML, like Gecko) Version/18.3 Safari/605.1.15
[2025-07-13 18:04:20] IP: ::1 | Session: Guest | Page: /?pg=notification.php&read=1&id=N00000025 | Referrer: Direct or Unknown | Agent: Mozilla/5.0 (Macintosh; Intel Mac OS X 10_15_7) AppleWebKit/605.1.15 (KHTML, like Gecko) Version/18.3 Safari/605.1.15
[2025-07-13 18:08:06] IP: ::1 | Session: Guest | Page: / | Referrer: Direct or Unknown | Agent: Mozilla/5.0 (Macintosh; Intel Mac OS X 10_15_7) AppleWebKit/605.1.15 (KHTML, like Gecko) Version/18.3 Safari/605.1.15
[2025-07-13 18:08:21] IP: ::1 | Session: Guest | Page: /?pg=notification.php&read=1&id=N00000019 | Referrer: http://localhost/ | Agent: Mozilla/5.0 (Macintosh; Intel Mac OS X 10_15_7) AppleWebKit/605.1.15 (KHTML, like Gecko) Version/18.3 Safari/605.1.15
[2025-07-13 18:08:23] IP: ::1 | Session: Guest | Page: /?pg=notification.php&read=1&id=N00000019 | Referrer: http://localhost/ | Agent: Mozilla/5.0 (Macintosh; Intel Mac OS X 10_15_7) AppleWebKit/605.1.15 (KHTML, like Gecko) Version/18.3 Safari/605.1.15
[2025-07-13 18:08:24] IP: ::1 | Session: Guest | Page: /?pg=notification.php&read=1&id=N00000019 | Referrer: http://localhost/ | Agent: Mozilla/5.0 (Macintosh; Intel Mac OS X 10_15_7) AppleWebKit/605.1.15 (KHTML, like Gecko) Version/18.3 Safari/605.1.15
[2025-07-13 18:08:24] IP: ::1 | Session: Guest | Page: /?pg=notification.php&read=1&id=N00000019 | Referrer: http://localhost/ | Agent: Mozilla/5.0 (Macintosh; Intel Mac OS X 10_15_7) AppleWebKit/605.1.15 (KHTML, like Gecko) Version/18.3 Safari/605.1.15
[2025-07-13 18:08:24] IP: ::1 | Session: Guest | Page: /?pg=notification.php&read=1&id=N00000019 | Referrer: http://localhost/ | Agent: Mozilla/5.0 (Macintosh; Intel Mac OS X 10_15_7) AppleWebKit/605.1.15 (KHTML, like Gecko) Version/18.3 Safari/605.1.15
[2025-07-13 18:08:55] IP: ::1 | Session: Guest | Page: /?pg=notification.php&read=1&id=N00000019 | Referrer: http://localhost/?pg=notification.php&read=1&id=N00000019 | Agent: Mozilla/5.0 (Macintosh; Intel Mac OS X 10_15_7) AppleWebKit/605.1.15 (KHTML, like Gecko) Version/18.3 Safari/605.1.15
[2025-07-13 18:08:55] IP: ::1 | Session: Guest | Page: /?pg=notification.php&read=1&id=N00000019 | Referrer: http://localhost/?pg=notification.php&read=1&id=N00000019 | Agent: Mozilla/5.0 (Macintosh; Intel Mac OS X 10_15_7) AppleWebKit/605.1.15 (KHTML, like Gecko) Version/18.3 Safari/605.1.15
[2025-07-13 18:09:01] IP: ::1 | Session: Guest | Page: /?pg=notification.php&read=1&id=N00000004&approval=1 | Referrer: http://localhost/?pg=notification.php&read=1&id=N00000019 | Agent: Mozilla/5.0 (Macintosh; Intel Mac OS X 10_15_7) AppleWebKit/605.1.15 (KHTML, like Gecko) Version/18.3 Safari/605.1.15
[2025-07-13 18:09:01] IP: ::1 | Session: Guest | Page: /index.php?pg=approve.php | Referrer: http://localhost/?pg=notification.php&read=1&id=N00000004&approval=1 | Agent: Mozilla/5.0 (Macintosh; Intel Mac OS X 10_15_7) AppleWebKit/605.1.15 (KHTML, like Gecko) Version/18.3 Safari/605.1.15
[2025-07-13 18:09:03] IP: ::1 | Session: Guest | Page: /?pg=notification.php&read=1&id=N00000019 | Referrer: http://localhost/?pg=notification.php&read=1&id=N00000019 | Agent: Mozilla/5.0 (Macintosh; Intel Mac OS X 10_15_7) AppleWebKit/605.1.15 (KHTML, like Gecko) Version/18.3 Safari/605.1.15
[2025-07-13 18:09:04] IP: ::1 | Session: Guest | Page: / | Referrer: Direct or Unknown | Agent: Mozilla/5.0 (Macintosh; Intel Mac OS X 10_15_7) AppleWebKit/605.1.15 (KHTML, like Gecko) Version/18.3 Safari/605.1.15
[2025-07-13 18:09:25] IP: ::1 | Session: Guest | Page: / | Referrer: Direct or Unknown | Agent: Mozilla/5.0 (Macintosh; Intel Mac OS X 10_15_7) AppleWebKit/605.1.15 (KHTML, like Gecko) Version/18.3 Safari/605.1.15
[2025-07-13 18:09:44] IP: ::1 | Session: Guest | Page: / | Referrer: Direct or Unknown | Agent: Mozilla/5.0 (Macintosh; Intel Mac OS X 10_15_7) AppleWebKit/605.1.15 (KHTML, like Gecko) Version/18.3 Safari/605.1.15
[2025-07-13 18:09:48] IP: ::1 | Session: Guest | Page: /?pg=notification.php&read=1&id=N00000004&approval=1 | Referrer: http://localhost/ | Agent: Mozilla/5.0 (Macintosh; Intel Mac OS X 10_15_7) AppleWebKit/605.1.15 (KHTML, like Gecko) Version/18.3 Safari/605.1.15
[2025-07-13 18:09:48] IP: ::1 | Session: Guest | Page: /index.php?pg=approve.php | Referrer: http://localhost/?pg=notification.php&read=1&id=N00000004&approval=1 | Agent: Mozilla/5.0 (Macintosh; Intel Mac OS X 10_15_7) AppleWebKit/605.1.15 (KHTML, like Gecko) Version/18.3 Safari/605.1.15
[2025-07-13 18:09:51] IP: ::1 | Session: Guest | Page: / | Referrer: Direct or Unknown | Agent: Mozilla/5.0 (Macintosh; Intel Mac OS X 10_15_7) AppleWebKit/605.1.15 (KHTML, like Gecko) Version/18.3 Safari/605.1.15
[2025-07-13 18:10:09] IP: ::1 | Session: Guest | Page: / | Referrer: Direct or Unknown | Agent: Mozilla/5.0 (Macintosh; Intel Mac OS X 10_15_7) AppleWebKit/605.1.15 (KHTML, like Gecko) Version/18.3 Safari/605.1.15
[2025-07-13 18:10:13] IP: ::1 | Session: Guest | Page: /?pg=notification.php&read=1&id=N00000025 | Referrer: http://localhost/ | Agent: Mozilla/5.0 (Macintosh; Intel Mac OS X 10_15_7) AppleWebKit/605.1.15 (KHTML, like Gecko) Version/18.3 Safari/605.1.15
[2025-07-13 18:10:14] IP: ::1 | Session: Guest | Page: /?pg=notification.php&read=1&id=N00000025 | Referrer: http://localhost/?pg=notification.php&read=1&id=N00000025 | Agent: Mozilla/5.0 (Macintosh; Intel Mac OS X 10_15_7) AppleWebKit/605.1.15 (KHTML, like Gecko) Version/18.3 Safari/605.1.15
[2025-07-13 18:10:16] IP: ::1 | Session: Guest | Page: /?pg=notification.php&read=1&id=N00000004&approval=1 | Referrer: http://localhost/?pg=notification.php&read=1&id=N00000025 | Agent: Mozilla/5.0 (Macintosh; Intel Mac OS X 10_15_7) AppleWebKit/605.1.15 (KHTML, like Gecko) Version/18.3 Safari/605.1.15
[2025-07-13 18:10:16] IP: ::1 | Session: Guest | Page: /index.php?pg=approve.php | Referrer: http://localhost/?pg=notification.php&read=1&id=N00000004&approval=1 | Agent: Mozilla/5.0 (Macintosh; Intel Mac OS X 10_15_7) AppleWebKit/605.1.15 (KHTML, like Gecko) Version/18.3 Safari/605.1.15
[2025-07-13 18:10:18] IP: ::1 | Session: Guest | Page: /?pg=notification.php&read=1&id=N00000025 | Referrer: http://localhost/?pg=notification.php&read=1&id=N00000025 | Agent: Mozilla/5.0 (Macintosh; Intel Mac OS X 10_15_7) AppleWebKit/605.1.15 (KHTML, like Gecko) Version/18.3 Safari/605.1.15
[2025-07-13 18:10:19] IP: ::1 | Session: Guest | Page: /?pg=notification.php&read=1&id=N00000025 | Referrer: http://localhost/?pg=notification.php&read=1&id=N00000025 | Agent: Mozilla/5.0 (Macintosh; Intel Mac OS X 10_15_7) AppleWebKit/605.1.15 (KHTML, like Gecko) Version/18.3 Safari/605.1.15
